{
  "Unit Tests": {
    "coverage": {
      "/Users/javiermolinasanchez/Desktop/Ingravity Media/MSD/MSD-rails/lib/tasks/sample_data.rake": [
        null,
        null,
        1,
        1,
        1,
        0,
        null,
        1,
        0,
        0,
        0,
        0,
        0,
        0,
        0,
        0,
        null,
        1,
        0,
        0,
        0,
        null,
        1,
        0,
        0,
        0,
        0,
        null,
        null,
        null,
        1,
        0,
        null,
        null,
        null,
        null,
        null,
        null,
        null,
        null,
        null,
        null,
        null,
        null,
        null,
        null,
        null,
        null,
        null,
        0,
        null,
        null,
        1,
        0,
        0,
        0,
        0,
        0,
        0,
        0,
        0,
        0,
        0,
        0,
        0,
        0,
        0,
        0,
        0,
        0,
        0,
        0,
        null,
        null,
        null,
        null,
        null,
        null,
        null,
        null,
        null,
        null,
        null,
        null,
        null,
        null,
        null,
        null,
        null,
        0,
        0,
        0,
        0,
        0,
        0,
        0,
        0,
        0,
        0,
        0,
        0,
        0,
        0,
        0,
        0,
        0,
        null,
        null,
        null,
        null,
        null,
        null,
        null,
        null,
        null,
        null,
        null,
        null,
        null,
        null,
        null,
        null,
        null,
        null,
        null,
        1,
        0,
        0,
        0,
        0,
        0,
        0,
        0,
        0,
        0,
        0,
        0,
        0,
        null,
        0,
        0,
        null,
        null,
        1,
        0,
        0,
        0,
        0,
        0,
        null,
        0,
        null,
        null,
        null,
        null,
        1,
        0,
        0,
        0,
        0,
        0,
        0,
        null,
        null,
        1,
        0,
        0,
        0,
        0,
        null,
        null,
        1,
        0,
        0,
        0,
        0,
        0,
        0,
        null,
        0,
        null,
        null,
        1,
        0,
        0,
        0,
        0,
        0,
        0,
        0,
        0,
        0,
        null,
        0,
        null,
        0,
        0,
        null,
        null
      ],
      "/Users/javiermolinasanchez/Desktop/Ingravity Media/MSD/MSD-rails/app/controllers/application_controller.rb": [
        1,
        null,
        null,
        1,
        1,
        null,
        null
      ],
      "/Users/javiermolinasanchez/Desktop/Ingravity Media/MSD/MSD-rails/app/helpers/application_helper.rb": [
        1,
        null
      ],
      "/Users/javiermolinasanchez/Desktop/Ingravity Media/MSD/MSD-rails/app/helpers/experiences_helper.rb": [
        1,
        null
      ],
      "/Users/javiermolinasanchez/Desktop/Ingravity Media/MSD/MSD-rails/app/helpers/friendships_helper.rb": [
        1,
        null
      ],
      "/Users/javiermolinasanchez/Desktop/Ingravity Media/MSD/MSD-rails/app/helpers/geosexes_helper.rb": [
        1,
        null
      ],
      "/Users/javiermolinasanchez/Desktop/Ingravity Media/MSD/MSD-rails/app/helpers/lovers_helper.rb": [
        1,
        null
      ],
      "/Users/javiermolinasanchez/Desktop/Ingravity Media/MSD/MSD-rails/app/helpers/messages_helper.rb": [
        1,
        null
      ],
      "/Users/javiermolinasanchez/Desktop/Ingravity Media/MSD/MSD-rails/app/helpers/photos_helper.rb": [
        1,
        null
      ],
      "/Users/javiermolinasanchez/Desktop/Ingravity Media/MSD/MSD-rails/app/helpers/sessions_helper.rb": [
        1,
        1,
        0,
        0,
        null,
        null,
        1,
        0,
        null,
        null,
        1,
        0,
        0,
        null,
        null,
        1,
        0,
        null,
        null,
        1,
        0,
        null,
        null,
        1,
        0,
        null,
        null,
        1,
        0,
        0,
        null,
        null,
        null,
        1,
        0,
        null,
        0,
        null,
        0,
        null,
        null,
        null,
        1,
        0,
        0,
        null,
        null,
        1,
        0,
        null,
        null,
        1,
        0,
        0,
        null,
        null,
        null
      ],
      "/Users/javiermolinasanchez/Desktop/Ingravity Media/MSD/MSD-rails/app/helpers/users_helper.rb": [
        1,
        null,
        1,
        0,
        0,
        0,
        null,
        0,
        null,
        null
      ],
      "/Users/javiermolinasanchez/Desktop/Ingravity Media/MSD/MSD-rails/app/models/admin_user.rb": [
        1,
        null,
        null,
        null,
        1,
        null,
        null
      ],
      "/Users/javiermolinasanchez/Desktop/Ingravity Media/MSD/MSD-rails/app/admin/admin_user.rb": [
        1,
        1,
        0,
        0,
        0,
        0,
        0,
        null,
        null,
        1,
        null,
        1,
        0,
        0,
        0,
        null,
        0,
        null,
        null,
        1,
        1,
        0,
        null,
        null,
        null
      ],
      "/Users/javiermolinasanchez/Desktop/Ingravity Media/MSD/MSD-rails/app/admin/blocked_user.rb": [
        1,
        null,
        null,
        1,
        0,
        0,
        0,
        0,
        null,
        0,
        null,
        null,
        1,
        0,
        0,
        0,
        0,
        0,
        null,
        null,
        null,
        1,
        1,
        0,
        null,
        null,
        null,
        null
      ],
      "/Users/javiermolinasanchez/Desktop/Ingravity Media/MSD/MSD-rails/app/models/blocked_user.rb": [
        1,
        null,
        1,
        1,
        null,
        null
      ],
      "/Users/javiermolinasanchez/Desktop/Ingravity Media/MSD/MSD-rails/app/admin/dashboard.rb": [
        1,
        null,
        1,
        null,
        1,
        0,
        0,
        0,
        0,
        null,
        null,
        null,
        null,
        null,
        null,
        null,
        null,
        null,
        null,
        null,
        null,
        null,
        null,
        null,
        null,
        null,
        null,
        null,
        null,
        null,
        null,
        null,
        null
      ],
      "/Users/javiermolinasanchez/Desktop/Ingravity Media/MSD/MSD-rails/app/admin/user.rb": [
        1,
        null,
        1,
        null,
        1,
        0,
        null,
        null,
        1,
        0,
        0,
        0,
        0,
        0,
        null,
        null,
        0,
        null,
        null,
        1,
        1,
        1,
        1,
        1,
        null,
        1,
        0,
        0,
        0,
        0,
        0,
        0,
        null,
        null,
        null,
        null,
        1,
        0,
        0,
        0,
        0,
        0,
        0,
        null,
        0,
        null,
        null,
        1,
        1,
        0,
        null,
        null,
        null
      ],
      "/Users/javiermolinasanchez/Desktop/Ingravity Media/MSD/MSD-rails/app/models/user.rb": [
        1,
        null,
        2,
        1,
        null,
        1,
        null,
        null,
        null,
        1,
        1,
        1,
        1,
        1,
        1,
        null,
        null,
        1,
        1,
        null,
        null,
        1,
        null,
        null,
        null,
        1,
        1,
        1,
        1,
        null,
        null,
        1,
        null,
        null,
        1,
        null,
        null,
        1,
        null,
        1,
        1,
        null,
        1,
        1,
        1,
        1,
        1,
        1,
        1,
        1,
        1,
        1,
        1,
        1,
        1,
        1,
        1,
        1,
        1,
        1,
        null,
        1,
        0,
        null,
        null,
        null,
        1,
        null,
        0,
        null,
        null,
        0,
        null,
        null,
        1,
        0,
        0,
        0,
        null,
        0,
        null,
        null,
        null,
        1,
        0,
        0,
        0,
        null,
        0,
        null,
        null,
        null,
        1,
        0,
        0,
        0,
        0,
        null,
        0,
        null,
        null,
        1,
        0,
        0,
        null,
        null,
        1,
        0,
        0,
        null,
        null,
        1,
        0,
        0,
        0,
        null,
        null,
        null,
        1,
        0,
        0,
        0,
        null,
        0,
        null,
        null,
        null,
        1,
        0,
        null,
        null,
        null,
        1,
        0,
        null,
        null,
        1,
        0,
        0,
        null,
        null,
        1,
        null,
        1,
        1,
        null,
        null,
        null
      ],
      "/Users/javiermolinasanchez/Desktop/Ingravity Media/MSD/MSD-rails/app/models/lover.rb": [
        1,
        null,
        1,
        null,
        1,
        null,
        1,
        1,
        null,
        1,
        null,
        1,
        1,
        null,
        1,
        1,
        1,
        null,
        null
      ]
    },
    "timestamp": 1375786867
  },
  "RSpec": {
    "coverage": {
    },
    "timestamp": 1378707857
  }
}
